0 info it worked if it ends with ok
1 verbose cli [ 'C:\\Program Files\\nodejs\\node.exe',
1 verbose cli   'C:\\Program Files\\nodejs\\node_modules\\npm\\bin\\npm-cli.js',
1 verbose cli   'install' ]
2 info using npm@3.10.10
3 info using node@v6.9.5
4 silly loadCurrentTree Starting
5 silly install loadCurrentTree
6 silly install readLocalPackageData
7 silly install normalizeTree
8 silly loadCurrentTree Finishing
9 silly loadIdealTree Starting
10 silly install loadIdealTree
11 silly cloneCurrentTree Starting
12 silly install cloneCurrentTreeToIdealTree
13 silly cloneCurrentTree Finishing
14 silly loadShrinkwrap Starting
15 silly install loadShrinkwrap
16 silly loadShrinkwrap Finishing
17 silly loadAllDepsIntoIdealTree Starting
18 silly install loadAllDepsIntoIdealTree
19 silly fetchNamedPackageData xml2json
20 silly mapToRegistry name xml2json
21 silly mapToRegistry using default registry
22 silly mapToRegistry registry https://registry.npmjs.org/
23 silly mapToRegistry data Result {
23 silly mapToRegistry   raw: 'xml2json',
23 silly mapToRegistry   scope: null,
23 silly mapToRegistry   escapedName: 'xml2json',
23 silly mapToRegistry   name: 'xml2json',
23 silly mapToRegistry   rawSpec: '',
23 silly mapToRegistry   spec: 'latest',
23 silly mapToRegistry   type: 'tag' }
24 silly mapToRegistry uri https://registry.npmjs.org/xml2json
25 verbose request uri https://registry.npmjs.org/xml2json
26 verbose request no auth needed
27 info attempt registry request try #1 at 3:25:04 PM
28 verbose request id 3d84731f9a6677f2
29 verbose etag W/"58c4deb8-a348"
30 verbose lastModified Sun, 12 Mar 2017 05:38:00 GMT
31 http request GET https://registry.npmjs.org/xml2json
32 http 304 https://registry.npmjs.org/xml2json
33 verbose headers { date: 'Thu, 23 Mar 2017 08:25:03 GMT',
33 verbose headers   via: '1.1 varnish',
33 verbose headers   'cache-control': 'max-age=300',
33 verbose headers   etag: 'W/"58c4deb8-a348"',
33 verbose headers   age: '0',
33 verbose headers   connection: 'keep-alive',
33 verbose headers   'x-served-by': 'cache-sin18020-SIN',
33 verbose headers   'x-cache': 'HIT',
33 verbose headers   'x-cache-hits': '1',
33 verbose headers   'x-timer': 'S1490257503.034728,VS0,VE102',
33 verbose headers   vary: 'Accept-Encoding' }
34 silly get cb [ 304,
34 silly get   { date: 'Thu, 23 Mar 2017 08:25:03 GMT',
34 silly get     via: '1.1 varnish',
34 silly get     'cache-control': 'max-age=300',
34 silly get     etag: 'W/"58c4deb8-a348"',
34 silly get     age: '0',
34 silly get     connection: 'keep-alive',
34 silly get     'x-served-by': 'cache-sin18020-SIN',
34 silly get     'x-cache': 'HIT',
34 silly get     'x-cache-hits': '1',
34 silly get     'x-timer': 'S1490257503.034728,VS0,VE102',
34 silly get     vary: 'Accept-Encoding' } ]
35 verbose etag https://registry.npmjs.org/xml2json from cache
36 verbose get saving xml2json to C:\Users\gcs\AppData\Roaming\npm-cache\registry.npmjs.org\xml2json\.cache.json
37 verbose correctMkdir C:\Users\gcs\AppData\Roaming\npm-cache correctMkdir not in flight; initializing
38 silly resolveWithNewModule xml2json@0.10.0 checking installable status
39 silly cache add args [ 'xml2json@^0.10.0', null ]
40 verbose cache add spec xml2json@^0.10.0
41 silly cache add parsed spec Result {
41 silly cache add   raw: 'xml2json@^0.10.0',
41 silly cache add   scope: null,
41 silly cache add   escapedName: 'xml2json',
41 silly cache add   name: 'xml2json',
41 silly cache add   rawSpec: '^0.10.0',
41 silly cache add   spec: '>=0.10.0 <0.11.0',
41 silly cache add   type: 'range' }
42 silly addNamed xml2json@>=0.10.0 <0.11.0
43 verbose addNamed ">=0.10.0 <0.11.0" is a valid semver range for xml2json
44 silly addNameRange { name: 'xml2json', range: '>=0.10.0 <0.11.0', hasData: false }
45 silly mapToRegistry name xml2json
46 silly mapToRegistry using default registry
47 silly mapToRegistry registry https://registry.npmjs.org/
48 silly mapToRegistry data Result {
48 silly mapToRegistry   raw: 'xml2json',
48 silly mapToRegistry   scope: null,
48 silly mapToRegistry   escapedName: 'xml2json',
48 silly mapToRegistry   name: 'xml2json',
48 silly mapToRegistry   rawSpec: '',
48 silly mapToRegistry   spec: 'latest',
48 silly mapToRegistry   type: 'tag' }
49 silly mapToRegistry uri https://registry.npmjs.org/xml2json
50 verbose addNameRange registry:https://registry.npmjs.org/xml2json not in flight; fetching
51 verbose get https://registry.npmjs.org/xml2json not expired, no request
52 silly addNameRange number 2 { name: 'xml2json', range: '>=0.10.0 <0.11.0', hasData: true }
53 silly addNameRange versions [ 'xml2json',
53 silly addNameRange   [ '0.1.0',
53 silly addNameRange     '0.1.1',
53 silly addNameRange     '0.2.0',
53 silly addNameRange     '0.2.1',
53 silly addNameRange     '0.2.2',
53 silly addNameRange     '0.2.3',
53 silly addNameRange     '0.2.4',
53 silly addNameRange     '0.3.0',
53 silly addNameRange     '0.3.1',
53 silly addNameRange     '0.3.2',
53 silly addNameRange     '0.4.0',
53 silly addNameRange     '0.5.0',
53 silly addNameRange     '0.5.1',
53 silly addNameRange     '0.6.0',
53 silly addNameRange     '0.6.1',
53 silly addNameRange     '0.6.2',
53 silly addNameRange     '0.7.0',
53 silly addNameRange     '0.7.1',
53 silly addNameRange     '0.8.0',
53 silly addNameRange     '0.8.1',
53 silly addNameRange     '0.8.2',
53 silly addNameRange     '0.9.0',
53 silly addNameRange     '0.9.1',
53 silly addNameRange     '0.9.2',
53 silly addNameRange     '0.10.0',
53 silly addNameRange     '0.11.0' ] ]
54 silly addNamed xml2json@0.10.0
55 verbose addNamed "0.10.0" is a plain semver version for xml2json
56 silly cache afterAdd xml2json@0.10.0
57 verbose afterAdd C:\Users\gcs\AppData\Roaming\npm-cache\xml2json\0.10.0\package\package.json not in flight; writing
58 verbose correctMkdir C:\Users\gcs\AppData\Roaming\npm-cache correctMkdir not in flight; initializing
59 verbose afterAdd C:\Users\gcs\AppData\Roaming\npm-cache\xml2json\0.10.0\package\package.json written
60 silly fetchNamedPackageData node-expat
61 silly mapToRegistry name node-expat
62 silly mapToRegistry using default registry
63 silly mapToRegistry registry https://registry.npmjs.org/
64 silly mapToRegistry data Result {
64 silly mapToRegistry   raw: 'node-expat',
64 silly mapToRegistry   scope: null,
64 silly mapToRegistry   escapedName: 'node-expat',
64 silly mapToRegistry   name: 'node-expat',
64 silly mapToRegistry   rawSpec: '',
64 silly mapToRegistry   spec: 'latest',
64 silly mapToRegistry   type: 'tag' }
65 silly mapToRegistry uri https://registry.npmjs.org/node-expat
66 verbose request uri https://registry.npmjs.org/node-expat
67 verbose request no auth needed
68 info attempt registry request try #1 at 3:25:04 PM
69 verbose etag W/"5775580f-fb8e"
70 verbose lastModified Thu, 30 Jun 2016 17:34:07 GMT
71 http request GET https://registry.npmjs.org/node-expat
72 http 304 https://registry.npmjs.org/node-expat
73 verbose headers { date: 'Thu, 23 Mar 2017 08:25:03 GMT',
73 verbose headers   via: '1.1 varnish',
73 verbose headers   'cache-control': 'max-age=300',
73 verbose headers   etag: 'W/"5775580f-fb8e"',
73 verbose headers   age: '0',
73 verbose headers   connection: 'keep-alive',
73 verbose headers   'x-served-by': 'cache-sin18020-SIN',
73 verbose headers   'x-cache': 'HIT',
73 verbose headers   'x-cache-hits': '1',
73 verbose headers   'x-timer': 'S1490257503.277388,VS0,VE105',
73 verbose headers   vary: 'Accept-Encoding' }
74 silly get cb [ 304,
74 silly get   { date: 'Thu, 23 Mar 2017 08:25:03 GMT',
74 silly get     via: '1.1 varnish',
74 silly get     'cache-control': 'max-age=300',
74 silly get     etag: 'W/"5775580f-fb8e"',
74 silly get     age: '0',
74 silly get     connection: 'keep-alive',
74 silly get     'x-served-by': 'cache-sin18020-SIN',
74 silly get     'x-cache': 'HIT',
74 silly get     'x-cache-hits': '1',
74 silly get     'x-timer': 'S1490257503.277388,VS0,VE105',
74 silly get     vary: 'Accept-Encoding' } ]
75 verbose etag https://registry.npmjs.org/node-expat from cache
76 verbose get saving node-expat to C:\Users\gcs\AppData\Roaming\npm-cache\registry.npmjs.org\node-expat\.cache.json
77 verbose correctMkdir C:\Users\gcs\AppData\Roaming\npm-cache correctMkdir not in flight; initializing
78 silly resolveWithNewModule node-expat@2.3.15 checking installable status
79 silly cache add args [ 'node-expat@^2.3.15', null ]
80 verbose cache add spec node-expat@^2.3.15
81 silly cache add parsed spec Result {
81 silly cache add   raw: 'node-expat@^2.3.15',
81 silly cache add   scope: null,
81 silly cache add   escapedName: 'node-expat',
81 silly cache add   name: 'node-expat',
81 silly cache add   rawSpec: '^2.3.15',
81 silly cache add   spec: '>=2.3.15 <3.0.0',
81 silly cache add   type: 'range' }
82 silly addNamed node-expat@>=2.3.15 <3.0.0
83 verbose addNamed ">=2.3.15 <3.0.0" is a valid semver range for node-expat
84 silly addNameRange { name: 'node-expat', range: '>=2.3.15 <3.0.0', hasData: false }
85 silly mapToRegistry name node-expat
86 silly mapToRegistry using default registry
87 silly mapToRegistry registry https://registry.npmjs.org/
88 silly mapToRegistry data Result {
88 silly mapToRegistry   raw: 'node-expat',
88 silly mapToRegistry   scope: null,
88 silly mapToRegistry   escapedName: 'node-expat',
88 silly mapToRegistry   name: 'node-expat',
88 silly mapToRegistry   rawSpec: '',
88 silly mapToRegistry   spec: 'latest',
88 silly mapToRegistry   type: 'tag' }
89 silly mapToRegistry uri https://registry.npmjs.org/node-expat
90 verbose addNameRange registry:https://registry.npmjs.org/node-expat not in flight; fetching
91 verbose get https://registry.npmjs.org/node-expat not expired, no request
92 silly addNameRange number 2 { name: 'node-expat', range: '>=2.3.15 <3.0.0', hasData: true }
93 silly addNameRange versions [ 'node-expat',
93 silly addNameRange   [ '0.0.4',
93 silly addNameRange     '0.0.5',
93 silly addNameRange     '0.0.6',
93 silly addNameRange     '1.0.0',
93 silly addNameRange     '1.0.1',
93 silly addNameRange     '1.1.0',
93 silly addNameRange     '1.1.1',
93 silly addNameRange     '1.2.0',
93 silly addNameRange     '1.3.0',
93 silly addNameRange     '1.3.1',
93 silly addNameRange     '1.3.2',
93 silly addNameRange     '1.4.0',
93 silly addNameRange     '1.4.1',
93 silly addNameRange     '1.4.2',
93 silly addNameRange     '1.4.3',
93 silly addNameRange     '1.4.4',
93 silly addNameRange     '1.4.5',
93 silly addNameRange     '1.5.0',
93 silly addNameRange     '1.6.0',
93 silly addNameRange     '1.6.1',
93 silly addNameRange     '2.0.0',
93 silly addNameRange     '2.1.0',
93 silly addNameRange     '2.1.1',
93 silly addNameRange     '2.1.2',
93 silly addNameRange     '2.1.3',
93 silly addNameRange     '2.1.4',
93 silly addNameRange     '2.2.0',
93 silly addNameRange     '2.3.0',
93 silly addNameRange     '2.3.1',
93 silly addNameRange     '2.3.2',
93 silly addNameRange     '2.3.3',
93 silly addNameRange     '2.3.4',
93 silly addNameRange     '2.3.5',
93 silly addNameRange     '2.3.6',
93 silly addNameRange     '2.3.7',
93 silly addNameRange     '2.3.8',
93 silly addNameRange     '2.3.9',
93 silly addNameRange     '2.3.10',
93 silly addNameRange     '2.3.11',
93 silly addNameRange     '2.3.12',
93 silly addNameRange     '2.3.13',
93 silly addNameRange     '2.3.14',
93 silly addNameRange     '2.3.15' ] ]
94 silly addNamed node-expat@2.3.15
95 verbose addNamed "2.3.15" is a plain semver version for node-expat
96 silly cache afterAdd node-expat@2.3.15
97 verbose afterAdd C:\Users\gcs\AppData\Roaming\npm-cache\node-expat\2.3.15\package\package.json not in flight; writing
98 verbose correctMkdir C:\Users\gcs\AppData\Roaming\npm-cache correctMkdir not in flight; initializing
99 verbose afterAdd C:\Users\gcs\AppData\Roaming\npm-cache\node-expat\2.3.15\package\package.json written
100 silly fetchNamedPackageData bindings
101 silly mapToRegistry name bindings
102 silly mapToRegistry using default registry
103 silly mapToRegistry registry https://registry.npmjs.org/
104 silly mapToRegistry data Result {
104 silly mapToRegistry   raw: 'bindings',
104 silly mapToRegistry   scope: null,
104 silly mapToRegistry   escapedName: 'bindings',
104 silly mapToRegistry   name: 'bindings',
104 silly mapToRegistry   rawSpec: '',
104 silly mapToRegistry   spec: 'latest',
104 silly mapToRegistry   type: 'tag' }
105 silly mapToRegistry uri https://registry.npmjs.org/bindings
106 silly fetchNamedPackageData nan
107 silly mapToRegistry name nan
108 silly mapToRegistry using default registry
109 silly mapToRegistry registry https://registry.npmjs.org/
110 silly mapToRegistry data Result {
110 silly mapToRegistry   raw: 'nan',
110 silly mapToRegistry   scope: null,
110 silly mapToRegistry   escapedName: 'nan',
110 silly mapToRegistry   name: 'nan',
110 silly mapToRegistry   rawSpec: '',
110 silly mapToRegistry   spec: 'latest',
110 silly mapToRegistry   type: 'tag' }
111 silly mapToRegistry uri https://registry.npmjs.org/nan
112 verbose request uri https://registry.npmjs.org/bindings
113 verbose request no auth needed
114 info attempt registry request try #1 at 3:25:05 PM
115 verbose etag W/"580645d3-46f7"
116 verbose lastModified Tue, 18 Oct 2016 15:54:59 GMT
117 http request GET https://registry.npmjs.org/bindings
118 verbose request uri https://registry.npmjs.org/nan
119 verbose request no auth needed
120 info attempt registry request try #1 at 3:25:05 PM
121 verbose etag W/"58d25fc7-1df7e"
122 verbose lastModified Wed, 22 Mar 2017 11:28:07 GMT
123 http request GET https://registry.npmjs.org/nan
124 http 304 https://registry.npmjs.org/bindings
125 verbose headers { date: 'Thu, 23 Mar 2017 08:25:03 GMT',
125 verbose headers   via: '1.1 varnish',
125 verbose headers   'cache-control': 'max-age=300',
125 verbose headers   etag: 'W/"580645d3-46f7"',
125 verbose headers   age: '18',
125 verbose headers   connection: 'keep-alive',
125 verbose headers   'x-served-by': 'cache-sin18020-SIN',
125 verbose headers   'x-cache': 'HIT',
125 verbose headers   'x-cache-hits': '1',
125 verbose headers   'x-timer': 'S1490257503.579988,VS0,VE0',
125 verbose headers   vary: 'Accept-Encoding' }
126 silly get cb [ 304,
126 silly get   { date: 'Thu, 23 Mar 2017 08:25:03 GMT',
126 silly get     via: '1.1 varnish',
126 silly get     'cache-control': 'max-age=300',
126 silly get     etag: 'W/"580645d3-46f7"',
126 silly get     age: '18',
126 silly get     connection: 'keep-alive',
126 silly get     'x-served-by': 'cache-sin18020-SIN',
126 silly get     'x-cache': 'HIT',
126 silly get     'x-cache-hits': '1',
126 silly get     'x-timer': 'S1490257503.579988,VS0,VE0',
126 silly get     vary: 'Accept-Encoding' } ]
127 verbose etag https://registry.npmjs.org/bindings from cache
128 verbose get saving bindings to C:\Users\gcs\AppData\Roaming\npm-cache\registry.npmjs.org\bindings\.cache.json
129 verbose correctMkdir C:\Users\gcs\AppData\Roaming\npm-cache correctMkdir not in flight; initializing
130 silly resolveWithNewModule bindings@1.2.1 checking installable status
131 silly cache add args [ 'bindings@^1.2.1', null ]
132 verbose cache add spec bindings@^1.2.1
133 silly cache add parsed spec Result {
133 silly cache add   raw: 'bindings@^1.2.1',
133 silly cache add   scope: null,
133 silly cache add   escapedName: 'bindings',
133 silly cache add   name: 'bindings',
133 silly cache add   rawSpec: '^1.2.1',
133 silly cache add   spec: '>=1.2.1 <2.0.0',
133 silly cache add   type: 'range' }
134 silly addNamed bindings@>=1.2.1 <2.0.0
135 verbose addNamed ">=1.2.1 <2.0.0" is a valid semver range for bindings
136 silly addNameRange { name: 'bindings', range: '>=1.2.1 <2.0.0', hasData: false }
137 silly mapToRegistry name bindings
138 silly mapToRegistry using default registry
139 silly mapToRegistry registry https://registry.npmjs.org/
140 silly mapToRegistry data Result {
140 silly mapToRegistry   raw: 'bindings',
140 silly mapToRegistry   scope: null,
140 silly mapToRegistry   escapedName: 'bindings',
140 silly mapToRegistry   name: 'bindings',
140 silly mapToRegistry   rawSpec: '',
140 silly mapToRegistry   spec: 'latest',
140 silly mapToRegistry   type: 'tag' }
141 silly mapToRegistry uri https://registry.npmjs.org/bindings
142 verbose addNameRange registry:https://registry.npmjs.org/bindings not in flight; fetching
143 verbose get https://registry.npmjs.org/bindings not expired, no request
144 silly addNameRange number 2 { name: 'bindings', range: '>=1.2.1 <2.0.0', hasData: true }
145 silly addNameRange versions [ 'bindings',
145 silly addNameRange   [ '0.0.1',
145 silly addNameRange     '0.1.0',
145 silly addNameRange     '0.1.1',
145 silly addNameRange     '0.2.0',
145 silly addNameRange     '0.2.1',
145 silly addNameRange     '0.2.2',
145 silly addNameRange     '0.2.3',
145 silly addNameRange     '0.2.4',
145 silly addNameRange     '0.3.0',
145 silly addNameRange     '0.4.0',
145 silly addNameRange     '1.0.0',
145 silly addNameRange     '1.1.0',
145 silly addNameRange     '1.1.1',
145 silly addNameRange     '1.2.0',
145 silly addNameRange     '1.2.1' ] ]
146 silly addNamed bindings@1.2.1
147 verbose addNamed "1.2.1" is a plain semver version for bindings
148 silly cache afterAdd bindings@1.2.1
149 verbose afterAdd C:\Users\gcs\AppData\Roaming\npm-cache\bindings\1.2.1\package\package.json not in flight; writing
150 verbose correctMkdir C:\Users\gcs\AppData\Roaming\npm-cache correctMkdir not in flight; initializing
151 verbose afterAdd C:\Users\gcs\AppData\Roaming\npm-cache\bindings\1.2.1\package\package.json written
152 http 304 https://registry.npmjs.org/nan
153 verbose headers { date: 'Thu, 23 Mar 2017 08:25:03 GMT',
153 verbose headers   via: '1.1 varnish',
153 verbose headers   'cache-control': 'max-age=300',
153 verbose headers   etag: 'W/"58d25fc7-1df7e"',
153 verbose headers   age: '291',
153 verbose headers   connection: 'keep-alive',
153 verbose headers   'x-served-by': 'cache-sin18027-SIN',
153 verbose headers   'x-cache': 'HIT',
153 verbose headers   'x-cache-hits': '5',
153 verbose headers   'x-timer': 'S1490257503.676461,VS0,VE0',
153 verbose headers   vary: 'Accept-Encoding' }
154 silly get cb [ 304,
154 silly get   { date: 'Thu, 23 Mar 2017 08:25:03 GMT',
154 silly get     via: '1.1 varnish',
154 silly get     'cache-control': 'max-age=300',
154 silly get     etag: 'W/"58d25fc7-1df7e"',
154 silly get     age: '291',
154 silly get     connection: 'keep-alive',
154 silly get     'x-served-by': 'cache-sin18027-SIN',
154 silly get     'x-cache': 'HIT',
154 silly get     'x-cache-hits': '5',
154 silly get     'x-timer': 'S1490257503.676461,VS0,VE0',
154 silly get     vary: 'Accept-Encoding' } ]
155 verbose etag https://registry.npmjs.org/nan from cache
156 verbose get saving nan to C:\Users\gcs\AppData\Roaming\npm-cache\registry.npmjs.org\nan\.cache.json
157 verbose correctMkdir C:\Users\gcs\AppData\Roaming\npm-cache correctMkdir not in flight; initializing
158 silly resolveWithNewModule nan@2.5.1 checking installable status
159 silly cache add args [ 'nan@^2.3.5', null ]
160 verbose cache add spec nan@^2.3.5
161 silly cache add parsed spec Result {
161 silly cache add   raw: 'nan@^2.3.5',
161 silly cache add   scope: null,
161 silly cache add   escapedName: 'nan',
161 silly cache add   name: 'nan',
161 silly cache add   rawSpec: '^2.3.5',
161 silly cache add   spec: '>=2.3.5 <3.0.0',
161 silly cache add   type: 'range' }
162 silly addNamed nan@>=2.3.5 <3.0.0
163 verbose addNamed ">=2.3.5 <3.0.0" is a valid semver range for nan
164 silly addNameRange { name: 'nan', range: '>=2.3.5 <3.0.0', hasData: false }
165 silly mapToRegistry name nan
166 silly mapToRegistry using default registry
167 silly mapToRegistry registry https://registry.npmjs.org/
168 silly mapToRegistry data Result {
168 silly mapToRegistry   raw: 'nan',
168 silly mapToRegistry   scope: null,
168 silly mapToRegistry   escapedName: 'nan',
168 silly mapToRegistry   name: 'nan',
168 silly mapToRegistry   rawSpec: '',
168 silly mapToRegistry   spec: 'latest',
168 silly mapToRegistry   type: 'tag' }
169 silly mapToRegistry uri https://registry.npmjs.org/nan
170 verbose addNameRange registry:https://registry.npmjs.org/nan not in flight; fetching
171 verbose get https://registry.npmjs.org/nan not expired, no request
172 silly addNameRange number 2 { name: 'nan', range: '>=2.3.5 <3.0.0', hasData: true }
173 silly addNameRange versions [ 'nan',
173 silly addNameRange   [ '0.3.0-wip',
173 silly addNameRange     '0.3.0-wip2',
173 silly addNameRange     '0.3.0',
173 silly addNameRange     '0.3.1',
173 silly addNameRange     '0.3.2',
173 silly addNameRange     '0.4.0',
173 silly addNameRange     '0.4.1',
173 silly addNameRange     '0.4.2',
173 silly addNameRange     '0.4.3',
173 silly addNameRange     '0.4.4',
173 silly addNameRange     '0.5.0',
173 silly addNameRange     '0.5.1',
173 silly addNameRange     '0.5.2',
173 silly addNameRange     '0.6.0',
173 silly addNameRange     '0.7.0',
173 silly addNameRange     '0.7.1',
173 silly addNameRange     '0.8.0',
173 silly addNameRange     '1.0.0',
173 silly addNameRange     '1.1.0',
173 silly addNameRange     '1.1.1',
173 silly addNameRange     '1.1.2',
173 silly addNameRange     '1.2.0',
173 silly addNameRange     '1.3.0',
173 silly addNameRange     '1.4.0',
173 silly addNameRange     '1.4.1',
173 silly addNameRange     '1.5.0',
173 silly addNameRange     '1.4.2',
173 silly addNameRange     '1.4.3',
173 silly addNameRange     '1.5.1',
173 silly addNameRange     '1.5.2',
173 silly addNameRange     '1.6.0',
173 silly addNameRange     '1.5.3',
173 silly addNameRange     '1.6.1',
173 silly addNameRange     '1.6.2',
173 silly addNameRange     '1.7.0',
173 silly addNameRange     '1.8.0',
173 silly addNameRange     '1.8.1',
173 silly addNameRange     '1.8.2',
173 silly addNameRange     '1.8.3',
173 silly addNameRange     '1.8.4',
173 silly addNameRange     '1.9.0',
173 silly addNameRange     '2.0.0',
173 silly addNameRange     '2.0.1',
173 silly addNameRange     '2.0.2',
173 silly addNameRange     '2.0.3',
173 silly addNameRange     '2.0.4',
173 silly addNameRange     '2.0.5',
173 silly addNameRange     '2.0.6',
173 silly addNameRange     '2.0.7',
173 silly addNameRange     '2.0.8',
173 silly addNameRange     '2.0.9',
173 silly addNameRange     '2.1.0',
173 silly addNameRange     '2.2.0',
173 silly addNameRange     '2.2.1',
173 silly addNameRange     '2.3.0',
173 silly addNameRange     '2.3.1',
173 silly addNameRange     '2.3.2',
173 silly addNameRange     '2.3.3',
173 silly addNameRange     '2.3.4',
173 silly addNameRange     '2.3.5',
173 silly addNameRange     '2.4.0',
173 silly addNameRange     '2.5.0',
173 silly addNameRange     '2.5.1' ] ]
174 silly addNamed nan@2.5.1
175 verbose addNamed "2.5.1" is a plain semver version for nan
176 silly cache afterAdd nan@2.5.1
177 verbose afterAdd C:\Users\gcs\AppData\Roaming\npm-cache\nan\2.5.1\package\package.json not in flight; writing
178 verbose correctMkdir C:\Users\gcs\AppData\Roaming\npm-cache correctMkdir not in flight; initializing
179 verbose afterAdd C:\Users\gcs\AppData\Roaming\npm-cache\nan\2.5.1\package\package.json written
180 silly loadAllDepsIntoIdealTree Finishing
181 silly loadIdealTree Finishing
182 silly currentTree dt-agritronics-ibitz@0.0.1
182 silly currentTree +-- async@2.1.5
182 silly currentTree +-- hoek@4.1.0
182 silly currentTree +-- isemail@2.2.1
182 silly currentTree +-- items@2.1.1
182 silly currentTree +-- joi@9.2.0
182 silly currentTree +-- lodash@4.17.4
182 silly currentTree +-- moment@2.18.1
182 silly currentTree `-- topo@2.0.2
183 silly idealTree dt-agritronics-ibitz@0.0.1
183 silly idealTree +-- async@2.1.5
183 silly idealTree +-- bindings@1.2.1
183 silly idealTree +-- hoek@4.1.0
183 silly idealTree +-- isemail@2.2.1
183 silly idealTree +-- items@2.1.1
183 silly idealTree +-- joi@9.2.0
183 silly idealTree +-- lodash@4.17.4
183 silly idealTree +-- moment@2.18.1
183 silly idealTree +-- nan@2.5.1
183 silly idealTree +-- node-expat@2.3.15
183 silly idealTree +-- topo@2.0.2
183 silly idealTree `-- xml2json@0.10.0
184 silly generateActionsToTake Starting
185 silly install generateActionsToTake
186 silly generateActionsToTake Finishing
187 silly diffTrees action count 4
188 silly diffTrees add bindings@1.2.1
189 silly diffTrees add nan@2.5.1
190 silly diffTrees add node-expat@2.3.15
191 silly diffTrees add xml2json@0.10.0
192 silly decomposeActions action count 32
193 silly decomposeActions fetch bindings@1.2.1
194 silly decomposeActions extract bindings@1.2.1
195 silly decomposeActions test bindings@1.2.1
196 silly decomposeActions preinstall bindings@1.2.1
197 silly decomposeActions build bindings@1.2.1
198 silly decomposeActions install bindings@1.2.1
199 silly decomposeActions postinstall bindings@1.2.1
200 silly decomposeActions finalize bindings@1.2.1
201 silly decomposeActions fetch nan@2.5.1
202 silly decomposeActions extract nan@2.5.1
203 silly decomposeActions test nan@2.5.1
204 silly decomposeActions preinstall nan@2.5.1
205 silly decomposeActions build nan@2.5.1
206 silly decomposeActions install nan@2.5.1
207 silly decomposeActions postinstall nan@2.5.1
208 silly decomposeActions finalize nan@2.5.1
209 silly decomposeActions fetch node-expat@2.3.15
210 silly decomposeActions extract node-expat@2.3.15
211 silly decomposeActions test node-expat@2.3.15
212 silly decomposeActions preinstall node-expat@2.3.15
213 silly decomposeActions build node-expat@2.3.15
214 silly decomposeActions install node-expat@2.3.15
215 silly decomposeActions postinstall node-expat@2.3.15
216 silly decomposeActions finalize node-expat@2.3.15
217 silly decomposeActions fetch xml2json@0.10.0
218 silly decomposeActions extract xml2json@0.10.0
219 silly decomposeActions test xml2json@0.10.0
220 silly decomposeActions preinstall xml2json@0.10.0
221 silly decomposeActions build xml2json@0.10.0
222 silly decomposeActions install xml2json@0.10.0
223 silly decomposeActions postinstall xml2json@0.10.0
224 silly decomposeActions finalize xml2json@0.10.0
225 silly runTopLevelLifecycles Starting
226 silly install runPreinstallTopLevelLifecycles
227 silly preinstall dt-agritronics-ibitz@0.0.1 D:\Project\node-bigstream\plugins\dt\dt-agritronics\dt-agritronics-ibitz-c920b861
228 info lifecycle dt-agritronics-ibitz@0.0.1~preinstall: dt-agritronics-ibitz@0.0.1
229 silly lifecycle dt-agritronics-ibitz@0.0.1~preinstall: no script for preinstall, continuing
230 silly executeActions Starting
231 silly install executeActions
232 silly doSerial global-install 0
233 silly doParallel fetch 4
234 verbose correctMkdir C:\Users\gcs\AppData\Roaming\npm-cache\_locks correctMkdir not in flight; initializing
235 verbose lock using C:\Users\gcs\AppData\Roaming\npm-cache\_locks\staging-ed7da0ed9263a751.lock for D:\Project\node-bigstream\plugins\dt\dt-agritronics\node_modules\.staging
236 silly doParallel extract 4
237 silly extract bindings@1.2.1
238 silly extract nan@2.5.1
239 silly extract node-expat@2.3.15
240 silly extract xml2json@0.10.0
241 verbose unbuild node_modules\.staging\nan-adcf9722
242 verbose unbuild node_modules\.staging\bindings-3883fb36
243 verbose unbuild node_modules\.staging\node-expat-ea41946e
244 verbose unbuild node_modules\.staging\xml2json-14ed5a74
245 silly gentlyRm D:\Project\node-bigstream\plugins\dt\dt-agritronics\node_modules\.staging\nan-adcf9722 is being purged from base D:\Project\node-bigstream\plugins\dt\dt-agritronics
246 verbose gentlyRm don't care about contents; nuking D:\Project\node-bigstream\plugins\dt\dt-agritronics\node_modules\.staging\nan-adcf9722
247 silly gentlyRm D:\Project\node-bigstream\plugins\dt\dt-agritronics\node_modules\.staging\bindings-3883fb36 is being purged from base D:\Project\node-bigstream\plugins\dt\dt-agritronics
248 verbose gentlyRm don't care about contents; nuking D:\Project\node-bigstream\plugins\dt\dt-agritronics\node_modules\.staging\bindings-3883fb36
249 silly gentlyRm D:\Project\node-bigstream\plugins\dt\dt-agritronics\node_modules\.staging\node-expat-ea41946e is being purged from base D:\Project\node-bigstream\plugins\dt\dt-agritronics
250 verbose gentlyRm don't care about contents; nuking D:\Project\node-bigstream\plugins\dt\dt-agritronics\node_modules\.staging\node-expat-ea41946e
251 verbose tar unpack C:\Users\gcs\AppData\Roaming\npm-cache\nan\2.5.1\package.tgz
252 verbose tar unpacking to D:\Project\node-bigstream\plugins\dt\dt-agritronics\node_modules\.staging\nan-adcf9722
253 silly gentlyRm D:\Project\node-bigstream\plugins\dt\dt-agritronics\node_modules\.staging\nan-adcf9722 is being purged
254 verbose gentlyRm don't care about contents; nuking D:\Project\node-bigstream\plugins\dt\dt-agritronics\node_modules\.staging\nan-adcf9722
255 verbose tar unpack C:\Users\gcs\AppData\Roaming\npm-cache\bindings\1.2.1\package.tgz
256 verbose tar unpacking to D:\Project\node-bigstream\plugins\dt\dt-agritronics\node_modules\.staging\bindings-3883fb36
257 silly gentlyRm D:\Project\node-bigstream\plugins\dt\dt-agritronics\node_modules\.staging\bindings-3883fb36 is being purged
258 verbose gentlyRm don't care about contents; nuking D:\Project\node-bigstream\plugins\dt\dt-agritronics\node_modules\.staging\bindings-3883fb36
259 silly gentlyRm D:\Project\node-bigstream\plugins\dt\dt-agritronics\node_modules\.staging\xml2json-14ed5a74 is being purged from base D:\Project\node-bigstream\plugins\dt\dt-agritronics
260 verbose gentlyRm don't care about contents; nuking D:\Project\node-bigstream\plugins\dt\dt-agritronics\node_modules\.staging\xml2json-14ed5a74
261 verbose tar unpack C:\Users\gcs\AppData\Roaming\npm-cache\node-expat\2.3.15\package.tgz
262 verbose tar unpacking to D:\Project\node-bigstream\plugins\dt\dt-agritronics\node_modules\.staging\node-expat-ea41946e
263 silly gentlyRm D:\Project\node-bigstream\plugins\dt\dt-agritronics\node_modules\.staging\node-expat-ea41946e is being purged
264 verbose gentlyRm don't care about contents; nuking D:\Project\node-bigstream\plugins\dt\dt-agritronics\node_modules\.staging\node-expat-ea41946e
265 silly gunzTarPerm modes [ '777', '666' ]
266 silly gunzTarPerm modes [ '777', '666' ]
267 verbose tar unpack C:\Users\gcs\AppData\Roaming\npm-cache\xml2json\0.10.0\package.tgz
268 verbose tar unpacking to D:\Project\node-bigstream\plugins\dt\dt-agritronics\node_modules\.staging\xml2json-14ed5a74
269 silly gentlyRm D:\Project\node-bigstream\plugins\dt\dt-agritronics\node_modules\.staging\xml2json-14ed5a74 is being purged
270 verbose gentlyRm don't care about contents; nuking D:\Project\node-bigstream\plugins\dt\dt-agritronics\node_modules\.staging\xml2json-14ed5a74
271 silly gunzTarPerm modes [ '777', '666' ]
272 silly gunzTarPerm modes [ '777', '666' ]
273 silly gunzTarPerm extractEntry package.json
274 silly gunzTarPerm modified mode [ 'package.json', 436, 438 ]
275 silly gunzTarPerm extractEntry package.json
276 silly gunzTarPerm modified mode [ 'package.json', 420, 438 ]
277 silly gunzTarPerm extractEntry package.json
278 silly gunzTarPerm modified mode [ 'package.json', 420, 438 ]
279 silly gunzTarPerm extractEntry package.json
280 silly gunzTarPerm modified mode [ 'package.json', 420, 438 ]
281 silly gunzTarPerm extractEntry README.md
282 silly gunzTarPerm modified mode [ 'README.md', 436, 438 ]
283 silly gunzTarPerm extractEntry README.md
284 silly gunzTarPerm modified mode [ 'README.md', 420, 438 ]
285 silly gunzTarPerm extractEntry bindings.js
286 silly gunzTarPerm modified mode [ 'bindings.js', 420, 438 ]
287 silly gunzTarPerm extractEntry README.md
288 silly gunzTarPerm modified mode [ 'README.md', 420, 438 ]
289 silly gunzTarPerm extractEntry LICENSE
290 silly gunzTarPerm modified mode [ 'LICENSE', 420, 438 ]
291 silly gunzTarPerm extractEntry include_dirs.js
292 silly gunzTarPerm modified mode [ 'include_dirs.js', 436, 438 ]
293 silly gunzTarPerm extractEntry .npmignore
294 silly gunzTarPerm modified mode [ '.npmignore', 420, 438 ]
295 silly gunzTarPerm extractEntry README.md
296 silly gunzTarPerm modified mode [ 'README.md', 420, 438 ]
297 silly gunzTarPerm extractEntry nan_converters.h
298 silly gunzTarPerm modified mode [ 'nan_converters.h', 436, 438 ]
299 silly gunzTarPerm extractEntry CHANGELOG.md
300 silly gunzTarPerm modified mode [ 'CHANGELOG.md', 436, 438 ]
301 silly gunzTarPerm extractEntry LICENSE.md
302 silly gunzTarPerm modified mode [ 'LICENSE.md', 436, 438 ]
303 silly gunzTarPerm extractEntry example.js
304 silly gunzTarPerm modified mode [ 'example.js', 420, 438 ]
305 silly gunzTarPerm extractEntry index.js
306 silly gunzTarPerm modified mode [ 'index.js', 420, 438 ]
307 silly gunzTarPerm extractEntry binding.gyp
308 silly gunzTarPerm modified mode [ 'binding.gyp', 420, 438 ]
309 silly gunzTarPerm extractEntry deps/libexpat/README
310 silly gunzTarPerm modified mode [ 'deps/libexpat/README', 420, 438 ]
311 silly gunzTarPerm extractEntry doc/node_misc.md
312 silly gunzTarPerm modified mode [ 'doc/node_misc.md', 436, 438 ]
313 silly gunzTarPerm extractEntry bin/xml2json
314 silly gunzTarPerm modified mode [ 'bin/xml2json', 420, 438 ]
315 silly gunzTarPerm extractEntry AUTHORS
316 silly gunzTarPerm modified mode [ 'AUTHORS', 420, 438 ]
317 silly gunzTarPerm extractEntry deps/libexpat/doc/expat.png
318 silly gunzTarPerm modified mode [ 'deps/libexpat/doc/expat.png', 420, 438 ]
319 silly gunzTarPerm extractEntry doc/asyncworker.md
320 silly gunzTarPerm modified mode [ 'doc/asyncworker.md', 436, 438 ]
321 silly gunzTarPerm extractEntry doc/callback.md
322 silly gunzTarPerm modified mode [ 'doc/callback.md', 436, 438 ]
323 silly gunzTarPerm extractEntry .editorconfig
324 silly gunzTarPerm modified mode [ '.editorconfig', 436, 438 ]
325 silly gunzTarPerm extractEntry lib/index.js
326 silly gunzTarPerm modified mode [ 'lib/index.js', 420, 438 ]
327 silly gunzTarPerm extractEntry doc/converters.md
328 silly gunzTarPerm modified mode [ 'doc/converters.md', 436, 438 ]
329 silly gunzTarPerm extractEntry doc/errors.md
330 silly gunzTarPerm modified mode [ 'doc/errors.md', 436, 438 ]
331 silly gunzTarPerm extractEntry deps/libexpat/doc/reference.html
332 silly gunzTarPerm modified mode [ 'deps/libexpat/doc/reference.html', 420, 438 ]
333 silly gunzTarPerm extractEntry deps/libexpat/doc/style.css
334 silly gunzTarPerm modified mode [ 'deps/libexpat/doc/style.css', 420, 438 ]
335 silly gunzTarPerm extractEntry lib/json2xml.js
336 silly gunzTarPerm modified mode [ 'lib/json2xml.js', 420, 438 ]
337 silly gunzTarPerm extractEntry lib/sanitize.js
338 silly gunzTarPerm modified mode [ 'lib/sanitize.js', 420, 438 ]
339 silly gunzTarPerm extractEntry lib/xml2json.js
340 silly gunzTarPerm modified mode [ 'lib/xml2json.js', 420, 438 ]
341 silly gunzTarPerm extractEntry .travis.yml
342 silly gunzTarPerm modified mode [ '.travis.yml', 420, 438 ]
343 silly gunzTarPerm extractEntry test/.npmignore
344 silly gunzTarPerm modified mode [ 'test/.npmignore', 420, 438 ]
345 silly gunzTarPerm extractEntry test/coerce-overhead.js
346 silly gunzTarPerm modified mode [ 'test/coerce-overhead.js', 420, 438 ]
347 silly gunzTarPerm extractEntry test/test-reorder.js
348 silly gunzTarPerm modified mode [ 'test/test-reorder.js', 420, 438 ]
349 silly gunzTarPerm extractEntry test/test-space.js
350 silly gunzTarPerm modified mode [ 'test/test-space.js', 420, 438 ]
351 silly gunzTarPerm extractEntry test/test-xmlsanitize.js
352 silly gunzTarPerm modified mode [ 'test/test-xmlsanitize.js', 420, 438 ]
353 silly gunzTarPerm extractEntry test/test.js
354 silly gunzTarPerm modified mode [ 'test/test.js', 420, 438 ]
355 silly gunzTarPerm extractEntry test/fixtures/large.xml
356 silly gunzTarPerm modified mode [ 'test/fixtures/large.xml', 420, 438 ]
357 silly gunzTarPerm extractEntry test/fixtures/array-notation.json
358 silly gunzTarPerm modified mode [ 'test/fixtures/array-notation.json', 420, 438 ]
359 silly gunzTarPerm extractEntry test/fixtures/coerce.json
360 silly gunzTarPerm modified mode [ 'test/fixtures/coerce.json', 420, 438 ]
361 silly gunzTarPerm extractEntry test/fixtures/coerce.xml
362 silly gunzTarPerm modified mode [ 'test/fixtures/coerce.xml', 420, 438 ]
363 silly gunzTarPerm extractEntry test/fixtures/domain-reversible.json
364 silly gunzTarPerm modified mode [ 'test/fixtures/domain-reversible.json', 420, 438 ]
365 silly gunzTarPerm extractEntry test/fixtures/domain.json
366 silly gunzTarPerm modified mode [ 'test/fixtures/domain.json', 420, 438 ]
367 silly gunzTarPerm extractEntry test/fixtures/domain.xml
368 silly gunzTarPerm modified mode [ 'test/fixtures/domain.xml', 420, 438 ]
369 silly gunzTarPerm extractEntry test/fixtures/large.json
370 silly gunzTarPerm modified mode [ 'test/fixtures/large.json', 420, 438 ]
371 silly gunzTarPerm extractEntry test/fixtures/array-notation.xml
372 silly gunzTarPerm modified mode [ 'test/fixtures/array-notation.xml', 420, 438 ]
373 silly gunzTarPerm extractEntry test/fixtures/reorder.json
374 silly gunzTarPerm modified mode [ 'test/fixtures/reorder.json', 420, 438 ]
375 silly gunzTarPerm extractEntry test/fixtures/reorder.xml
376 silly gunzTarPerm modified mode [ 'test/fixtures/reorder.xml', 420, 438 ]
377 silly gunzTarPerm extractEntry test/fixtures/spacetext.json
378 silly gunzTarPerm modified mode [ 'test/fixtures/spacetext.json', 420, 438 ]
379 silly gunzTarPerm extractEntry test/fixtures/spacetext.xml
380 silly gunzTarPerm modified mode [ 'test/fixtures/spacetext.xml', 420, 438 ]
381 silly gunzTarPerm extractEntry test/fixtures/xmlsanitize.json
382 silly gunzTarPerm modified mode [ 'test/fixtures/xmlsanitize.json', 420, 438 ]
383 silly gunzTarPerm extractEntry test/fixtures/xmlsanitize.xml
384 silly gunzTarPerm modified mode [ 'test/fixtures/xmlsanitize.xml', 420, 438 ]
385 silly gunzTarPerm extractEntry test/fixtures/xmlsanitize2.json
386 silly gunzTarPerm modified mode [ 'test/fixtures/xmlsanitize2.json', 420, 438 ]
387 silly gunzTarPerm extractEntry test/fixtures/xmlsanitize2.xml
388 silly gunzTarPerm modified mode [ 'test/fixtures/xmlsanitize2.xml', 420, 438 ]
389 silly gunzTarPerm extractEntry doc/maybe_types.md
390 silly gunzTarPerm modified mode [ 'doc/maybe_types.md', 436, 438 ]
391 silly gunzTarPerm extractEntry doc/methods.md
392 silly gunzTarPerm modified mode [ 'doc/methods.md', 436, 438 ]
393 silly gunzTarPerm extractEntry doc/new.md
394 silly gunzTarPerm modified mode [ 'doc/new.md', 436, 438 ]
395 silly gunzTarPerm extractEntry deps/libexpat/doc/valid-xhtml10.png
396 silly gunzTarPerm modified mode [ 'deps/libexpat/doc/valid-xhtml10.png', 420, 438 ]
397 silly gunzTarPerm extractEntry deps/libexpat/doc/xmlwf.1
398 silly gunzTarPerm modified mode [ 'deps/libexpat/doc/xmlwf.1', 420, 438 ]
399 silly gentlyRm D:\Project\node-bigstream\plugins\dt\dt-agritronics\node_modules\.staging\bindings-3883fb36\node_modules is being purged
400 verbose gentlyRm don't care about contents; nuking D:\Project\node-bigstream\plugins\dt\dt-agritronics\node_modules\.staging\bindings-3883fb36\node_modules
401 silly gunzTarPerm extractEntry doc/buffers.md
402 silly gunzTarPerm modified mode [ 'doc/buffers.md', 436, 438 ]
403 silly gunzTarPerm extractEntry doc/object_wrappers.md
404 silly gunzTarPerm modified mode [ 'doc/object_wrappers.md', 436, 438 ]
405 silly gunzTarPerm extractEntry deps/libexpat/doc/xmlwf.sgml
406 silly gunzTarPerm modified mode [ 'deps/libexpat/doc/xmlwf.sgml', 420, 438 ]
407 silly gunzTarPerm extractEntry deps/libexpat/COPYING
408 silly gunzTarPerm modified mode [ 'deps/libexpat/COPYING', 420, 438 ]
409 silly gunzTarPerm extractEntry doc/persistent.md
410 silly gunzTarPerm modified mode [ 'doc/persistent.md', 436, 438 ]
411 silly gunzTarPerm extractEntry doc/scopes.md
412 silly gunzTarPerm modified mode [ 'doc/scopes.md', 436, 438 ]
413 silly gunzTarPerm extractEntry deps/libexpat/Changes
414 silly gunzTarPerm modified mode [ 'deps/libexpat/Changes', 420, 438 ]
415 silly gunzTarPerm extractEntry deps/libexpat/ConfigureChecks.cmake
416 silly gunzTarPerm modified mode [ 'deps/libexpat/ConfigureChecks.cmake', 493, 511 ]
417 silly gunzTarPerm extractEntry deps/libexpat/MANIFEST
418 silly gunzTarPerm modified mode [ 'deps/libexpat/MANIFEST', 420, 438 ]
419 silly gunzTarPerm extractEntry deps/libexpat/Makefile.in
420 silly gunzTarPerm modified mode [ 'deps/libexpat/Makefile.in', 420, 438 ]
421 silly gunzTarPerm extractEntry deps/libexpat/CMake.README
422 silly gunzTarPerm modified mode [ 'deps/libexpat/CMake.README', 493, 511 ]
423 silly gunzTarPerm extractEntry deps/libexpat/aclocal.m4
424 silly gunzTarPerm modified mode [ 'deps/libexpat/aclocal.m4', 420, 438 ]
425 silly gunzTarPerm extractEntry doc/script.md
426 silly gunzTarPerm modified mode [ 'doc/script.md', 436, 438 ]
427 silly gunzTarPerm extractEntry doc/string_bytes.md
428 silly gunzTarPerm modified mode [ 'doc/string_bytes.md', 436, 438 ]
429 silly gunzTarPerm extractEntry deps/libexpat/amiga/expat_68k_handler_stubs.c
430 silly gunzTarPerm modified mode [ 'deps/libexpat/amiga/expat_68k_handler_stubs.c', 493, 511 ]
431 silly gunzTarPerm extractEntry doc/v8_internals.md
432 silly gunzTarPerm modified mode [ 'doc/v8_internals.md', 436, 438 ]
433 silly gunzTarPerm extractEntry doc/v8_misc.md
434 silly gunzTarPerm modified mode [ 'doc/v8_misc.md', 436, 438 ]
435 silly gunzTarPerm extractEntry deps/libexpat/amiga/Makefile
436 silly gunzTarPerm modified mode [ 'deps/libexpat/amiga/Makefile', 420, 438 ]
437 silly gunzTarPerm extractEntry deps/libexpat/amiga/expat.xml
438 silly gunzTarPerm modified mode [ 'deps/libexpat/amiga/expat.xml', 420, 438 ]
439 silly gunzTarPerm extractEntry nan.h
440 silly gunzTarPerm modified mode [ 'nan.h', 436, 438 ]
441 silly gunzTarPerm extractEntry nan_callbacks.h
442 silly gunzTarPerm modified mode [ 'nan_callbacks.h', 436, 438 ]
443 silly gunzTarPerm extractEntry deps/libexpat/amiga/expat_68k.c
444 silly gunzTarPerm modified mode [ 'deps/libexpat/amiga/expat_68k.c', 420, 438 ]
445 silly gunzTarPerm extractEntry deps/libexpat/amiga/expat_68k.h
446 silly gunzTarPerm modified mode [ 'deps/libexpat/amiga/expat_68k.h', 493, 511 ]
447 silly gunzTarPerm extractEntry nan_callbacks_12_inl.h
448 silly gunzTarPerm modified mode [ 'nan_callbacks_12_inl.h', 436, 438 ]
449 silly gunzTarPerm extractEntry nan_callbacks_pre_12_inl.h
450 silly gunzTarPerm modified mode [ 'nan_callbacks_pre_12_inl.h', 436, 438 ]
451 silly gunzTarPerm extractEntry deps/libexpat/amiga/README.txt
452 silly gunzTarPerm modified mode [ 'deps/libexpat/amiga/README.txt', 420, 438 ]
453 silly gunzTarPerm extractEntry deps/libexpat/amiga/expat_base.h
454 silly gunzTarPerm modified mode [ 'deps/libexpat/amiga/expat_base.h', 420, 438 ]
455 silly gunzTarPerm extractEntry nan_converters_43_inl.h
456 silly gunzTarPerm modified mode [ 'nan_converters_43_inl.h', 436, 438 ]
457 silly gunzTarPerm extractEntry nan_converters_pre_43_inl.h
458 silly gunzTarPerm modified mode [ 'nan_converters_pre_43_inl.h', 436, 438 ]
459 silly gunzTarPerm extractEntry nan_implementation_12_inl.h
460 silly gunzTarPerm modified mode [ 'nan_implementation_12_inl.h', 436, 438 ]
461 silly gunzTarPerm extractEntry nan_implementation_pre_12_inl.h
462 silly gunzTarPerm modified mode [ 'nan_implementation_pre_12_inl.h', 436, 438 ]
463 silly gunzTarPerm extractEntry deps/libexpat/amiga/expat_lib.c
464 silly gunzTarPerm modified mode [ 'deps/libexpat/amiga/expat_lib.c', 493, 511 ]
465 silly gunzTarPerm extractEntry deps/libexpat/amiga/expat_vectors.c
466 silly gunzTarPerm modified mode [ 'deps/libexpat/amiga/expat_vectors.c', 420, 438 ]
467 silly gunzTarPerm extractEntry nan_maybe_43_inl.h
468 silly gunzTarPerm modified mode [ 'nan_maybe_43_inl.h', 436, 438 ]
469 silly gunzTarPerm extractEntry nan_maybe_pre_43_inl.h
470 silly gunzTarPerm modified mode [ 'nan_maybe_pre_43_inl.h', 436, 438 ]
471 silly gunzTarPerm extractEntry nan_new.h
472 silly gunzTarPerm modified mode [ 'nan_new.h', 436, 438 ]
473 silly gunzTarPerm extractEntry deps/libexpat/amiga/include/inline4/expat.h
474 silly gunzTarPerm modified mode [ 'deps/libexpat/amiga/include/inline4/expat.h', 420, 438 ]
475 silly gunzTarPerm extractEntry nan_object_wrap.h
476 silly gunzTarPerm modified mode [ 'nan_object_wrap.h', 436, 438 ]
477 silly gunzTarPerm extractEntry nan_persistent_12_inl.h
478 silly gunzTarPerm modified mode [ 'nan_persistent_12_inl.h', 436, 438 ]
479 silly gunzTarPerm extractEntry nan_persistent_pre_12_inl.h
480 silly gunzTarPerm modified mode [ 'nan_persistent_pre_12_inl.h', 436, 438 ]
481 silly gunzTarPerm extractEntry deps/libexpat/amiga/include/interfaces/expat.h
482 silly gunzTarPerm modified mode [ 'deps/libexpat/amiga/include/interfaces/expat.h', 420, 438 ]
483 silly gunzTarPerm extractEntry deps/libexpat/amiga/include/libraries/expat.h
484 silly gunzTarPerm modified mode [ 'deps/libexpat/amiga/include/libraries/expat.h', 420, 438 ]
485 silly gunzTarPerm extractEntry deps/libexpat/amiga/include/proto/expat.h
486 silly gunzTarPerm modified mode [ 'deps/libexpat/amiga/include/proto/expat.h', 420, 438 ]
487 silly gunzTarPerm extractEntry deps/libexpat/amiga/launch.c
488 silly gunzTarPerm modified mode [ 'deps/libexpat/amiga/launch.c', 493, 511 ]
489 silly gunzTarPerm extractEntry nan_private.h
490 silly gunzTarPerm modified mode [ 'nan_private.h', 436, 438 ]
491 silly gunzTarPerm extractEntry nan_string_bytes.h
492 silly gunzTarPerm modified mode [ 'nan_string_bytes.h', 436, 438 ]
493 silly gunzTarPerm extractEntry deps/libexpat/bcb5/expatw.mak
494 silly gunzTarPerm modified mode [ 'deps/libexpat/bcb5/expatw.mak', 420, 438 ]
495 silly gunzTarPerm extractEntry deps/libexpat/bcb5/README.txt
496 silly gunzTarPerm modified mode [ 'deps/libexpat/bcb5/README.txt', 420, 438 ]
497 silly gunzTarPerm extractEntry nan_typedarray_contents.h
498 silly gunzTarPerm modified mode [ 'nan_typedarray_contents.h', 436, 438 ]
499 silly gunzTarPerm extractEntry nan_weak.h
500 silly gunzTarPerm modified mode [ 'nan_weak.h', 436, 438 ]
501 silly gunzTarPerm extractEntry deps/libexpat/bcb5/elements.bpf
502 silly gunzTarPerm modified mode [ 'deps/libexpat/bcb5/elements.bpf', 420, 438 ]
503 silly gunzTarPerm extractEntry deps/libexpat/bcb5/elements.bpr
504 silly gunzTarPerm modified mode [ 'deps/libexpat/bcb5/elements.bpr', 420, 438 ]
505 silly gunzTarPerm extractEntry tools/package.json
506 silly gunzTarPerm modified mode [ 'tools/package.json', 436, 438 ]
507 silly gunzTarPerm extractEntry tools/README.md
508 silly gunzTarPerm modified mode [ 'tools/README.md', 436, 438 ]
509 silly gunzTarPerm extractEntry deps/libexpat/bcb5/elements.mak
510 silly gunzTarPerm modified mode [ 'deps/libexpat/bcb5/elements.mak', 420, 438 ]
511 silly gunzTarPerm extractEntry deps/libexpat/bcb5/expat.bpf
512 silly gunzTarPerm modified mode [ 'deps/libexpat/bcb5/expat.bpf', 420, 438 ]
513 silly gunzTarPerm extractEntry tools/1to2.js
514 silly gunzTarPerm modified mode [ 'tools/1to2.js', 509, 511 ]
515 silly gunzTarPerm extractEntry deps/libexpat/bcb5/expat.bpr
516 silly gunzTarPerm modified mode [ 'deps/libexpat/bcb5/expat.bpr', 420, 438 ]
517 silly gunzTarPerm extractEntry deps/libexpat/bcb5/expat.mak
518 silly gunzTarPerm modified mode [ 'deps/libexpat/bcb5/expat.mak', 420, 438 ]
519 silly gunzTarPerm extractEntry deps/libexpat/bcb5/expat_static.bpf
520 silly gunzTarPerm modified mode [ 'deps/libexpat/bcb5/expat_static.bpf', 420, 438 ]
521 silly gunzTarPerm extractEntry deps/libexpat/bcb5/expat_static.bpr
522 silly gunzTarPerm modified mode [ 'deps/libexpat/bcb5/expat_static.bpr', 420, 438 ]
523 silly gunzTarPerm extractEntry deps/libexpat/bcb5/expat_static.mak
524 silly gunzTarPerm modified mode [ 'deps/libexpat/bcb5/expat_static.mak', 420, 438 ]
525 silly gunzTarPerm extractEntry deps/libexpat/bcb5/expatw.bpf
526 silly gunzTarPerm modified mode [ 'deps/libexpat/bcb5/expatw.bpf', 420, 438 ]
527 silly gunzTarPerm extractEntry deps/libexpat/bcb5/expatw.bpr
528 silly gunzTarPerm modified mode [ 'deps/libexpat/bcb5/expatw.bpr', 420, 438 ]
529 silly gunzTarPerm extractEntry deps/libexpat/bcb5/all_projects.bpg
530 silly gunzTarPerm modified mode [ 'deps/libexpat/bcb5/all_projects.bpg', 420, 438 ]
531 silly gunzTarPerm extractEntry deps/libexpat/bcb5/expatw_static.bpf
532 silly gunzTarPerm modified mode [ 'deps/libexpat/bcb5/expatw_static.bpf', 420, 438 ]
533 silly gunzTarPerm extractEntry deps/libexpat/bcb5/expatw_static.bpr
534 silly gunzTarPerm modified mode [ 'deps/libexpat/bcb5/expatw_static.bpr', 420, 438 ]
535 silly gunzTarPerm extractEntry deps/libexpat/bcb5/expatw_static.mak
536 silly gunzTarPerm modified mode [ 'deps/libexpat/bcb5/expatw_static.mak', 420, 438 ]
537 silly gunzTarPerm extractEntry deps/libexpat/bcb5/libexpat_mtd.def
538 silly gunzTarPerm modified mode [ 'deps/libexpat/bcb5/libexpat_mtd.def', 420, 438 ]
539 silly gunzTarPerm extractEntry deps/libexpat/bcb5/libexpatw_mtd.def
540 silly gunzTarPerm modified mode [ 'deps/libexpat/bcb5/libexpatw_mtd.def', 420, 438 ]
541 silly gunzTarPerm extractEntry deps/libexpat/bcb5/makefile.mak
542 silly gunzTarPerm modified mode [ 'deps/libexpat/bcb5/makefile.mak', 420, 438 ]
543 silly gunzTarPerm extractEntry deps/libexpat/bcb5/outline.bpf
544 silly gunzTarPerm modified mode [ 'deps/libexpat/bcb5/outline.bpf', 420, 438 ]
545 silly gunzTarPerm extractEntry deps/libexpat/bcb5/outline.bpr
546 silly gunzTarPerm modified mode [ 'deps/libexpat/bcb5/outline.bpr', 420, 438 ]
547 silly gunzTarPerm extractEntry deps/libexpat/bcb5/outline.mak
548 silly gunzTarPerm modified mode [ 'deps/libexpat/bcb5/outline.mak', 420, 438 ]
549 silly gunzTarPerm extractEntry deps/libexpat/bcb5/setup.bat
550 silly gunzTarPerm modified mode [ 'deps/libexpat/bcb5/setup.bat', 420, 438 ]
551 silly gunzTarPerm extractEntry deps/libexpat/bcb5/xmlwf.bpf
552 silly gunzTarPerm modified mode [ 'deps/libexpat/bcb5/xmlwf.bpf', 420, 438 ]
553 silly gunzTarPerm extractEntry deps/libexpat/bcb5/xmlwf.bpr
554 silly gunzTarPerm modified mode [ 'deps/libexpat/bcb5/xmlwf.bpr', 420, 438 ]
555 silly gunzTarPerm extractEntry deps/libexpat/bcb5/xmlwf.mak
556 silly gunzTarPerm modified mode [ 'deps/libexpat/bcb5/xmlwf.mak', 420, 438 ]
557 silly gunzTarPerm extractEntry deps/libexpat/configure
558 silly gunzTarPerm modified mode [ 'deps/libexpat/configure', 493, 511 ]
559 silly gunzTarPerm extractEntry deps/libexpat/configure.in
560 silly gunzTarPerm modified mode [ 'deps/libexpat/configure.in', 420, 438 ]
561 silly gunzTarPerm extractEntry deps/libexpat/conftools/PrintPath
562 silly gunzTarPerm modified mode [ 'deps/libexpat/conftools/PrintPath', 493, 511 ]
563 silly gunzTarPerm extractEntry deps/libexpat/conftools/ac_c_bigendian_cross.m4
564 silly gunzTarPerm modified mode [ 'deps/libexpat/conftools/ac_c_bigendian_cross.m4', 420, 438 ]
565 silly gunzTarPerm extractEntry deps/libexpat/conftools/config.guess
566 silly gunzTarPerm modified mode [ 'deps/libexpat/conftools/config.guess', 493, 511 ]
567 silly gunzTarPerm extractEntry deps/libexpat/conftools/config.sub
568 silly gunzTarPerm modified mode [ 'deps/libexpat/conftools/config.sub', 493, 511 ]
569 silly gunzTarPerm extractEntry deps/libexpat/conftools/expat.m4
570 silly gunzTarPerm modified mode [ 'deps/libexpat/conftools/expat.m4', 420, 438 ]
571 silly gunzTarPerm extractEntry deps/libexpat/conftools/get-version.sh
572 silly gunzTarPerm modified mode [ 'deps/libexpat/conftools/get-version.sh', 493, 511 ]
573 silly gunzTarPerm extractEntry deps/libexpat/conftools/install-sh
574 silly gunzTarPerm modified mode [ 'deps/libexpat/conftools/install-sh', 493, 511 ]
575 silly gunzTarPerm extractEntry deps/libexpat/conftools/ltmain.sh
576 silly gunzTarPerm modified mode [ 'deps/libexpat/conftools/ltmain.sh', 493, 511 ]
577 silly gunzTarPerm extractEntry deps/libexpat/conftools/mkinstalldirs
578 silly gunzTarPerm modified mode [ 'deps/libexpat/conftools/mkinstalldirs', 493, 511 ]
579 silly gunzTarPerm extractEntry deps/libexpat/CMakeLists.txt
580 silly gunzTarPerm modified mode [ 'deps/libexpat/CMakeLists.txt', 493, 511 ]
581 silly gunzTarPerm extractEntry deps/libexpat/examples/elements.c
582 silly gunzTarPerm modified mode [ 'deps/libexpat/examples/elements.c', 420, 438 ]
583 silly gunzTarPerm extractEntry deps/libexpat/examples/elements.dsp
584 silly gunzTarPerm modified mode [ 'deps/libexpat/examples/elements.dsp', 420, 438 ]
585 silly gunzTarPerm extractEntry deps/libexpat/examples/outline.c
586 silly gunzTarPerm modified mode [ 'deps/libexpat/examples/outline.c', 420, 438 ]
587 silly gunzTarPerm extractEntry deps/libexpat/examples/outline.dsp
588 silly gunzTarPerm modified mode [ 'deps/libexpat/examples/outline.dsp', 420, 438 ]
589 silly gunzTarPerm extractEntry deps/libexpat/expat.dsw
590 silly gunzTarPerm modified mode [ 'deps/libexpat/expat.dsw', 493, 511 ]
591 silly gentlyRm D:\Project\node-bigstream\plugins\dt\dt-agritronics\node_modules\.staging\xml2json-14ed5a74\node_modules is being purged
592 verbose gentlyRm don't care about contents; nuking D:\Project\node-bigstream\plugins\dt\dt-agritronics\node_modules\.staging\xml2json-14ed5a74\node_modules
593 silly gunzTarPerm extractEntry deps/libexpat/expat.pc.in
594 silly gunzTarPerm modified mode [ 'deps/libexpat/expat.pc.in', 420, 438 ]
595 silly gunzTarPerm extractEntry deps/libexpat/expat_config.h
596 silly gunzTarPerm modified mode [ 'deps/libexpat/expat_config.h', 420, 438 ]
597 silly gunzTarPerm extractEntry deps/libexpat/expat_config.h.cmake
598 silly gunzTarPerm modified mode [ 'deps/libexpat/expat_config.h.cmake', 493, 511 ]
599 silly gunzTarPerm extractEntry deps/libexpat/expat_config.h.in
600 silly gunzTarPerm modified mode [ 'deps/libexpat/expat_config.h.in', 420, 438 ]
601 silly gunzTarPerm extractEntry deps/libexpat/lib/libexpat.def
602 silly gunzTarPerm modified mode [ 'deps/libexpat/lib/libexpat.def', 420, 438 ]
603 silly gunzTarPerm extractEntry deps/libexpat/lib/Makefile.MPW
604 silly gunzTarPerm modified mode [ 'deps/libexpat/lib/Makefile.MPW', 420, 438 ]
605 silly gunzTarPerm extractEntry deps/libexpat/lib/ascii.h
606 silly gunzTarPerm modified mode [ 'deps/libexpat/lib/ascii.h', 420, 438 ]
607 silly gunzTarPerm extractEntry deps/libexpat/lib/asciitab.h
608 silly gunzTarPerm modified mode [ 'deps/libexpat/lib/asciitab.h', 420, 438 ]
609 silly gunzTarPerm extractEntry deps/libexpat/lib/expat.dsp
610 silly gunzTarPerm modified mode [ 'deps/libexpat/lib/expat.dsp', 420, 438 ]
611 silly gunzTarPerm extractEntry deps/libexpat/lib/expat.h
612 silly gunzTarPerm modified mode [ 'deps/libexpat/lib/expat.h', 420, 438 ]
613 silly gunzTarPerm extractEntry deps/libexpat/lib/expat_external.h
614 silly gunzTarPerm modified mode [ 'deps/libexpat/lib/expat_external.h', 420, 438 ]
615 silly gunzTarPerm extractEntry deps/libexpat/lib/expat_static.dsp
616 silly gunzTarPerm modified mode [ 'deps/libexpat/lib/expat_static.dsp', 420, 438 ]
617 silly gunzTarPerm extractEntry deps/libexpat/lib/expatw.dsp
618 silly gunzTarPerm modified mode [ 'deps/libexpat/lib/expatw.dsp', 420, 438 ]
619 silly gunzTarPerm extractEntry deps/libexpat/lib/expatw_static.dsp
620 silly gunzTarPerm modified mode [ 'deps/libexpat/lib/expatw_static.dsp', 420, 438 ]
621 silly gunzTarPerm extractEntry deps/libexpat/lib/iasciitab.h
622 silly gunzTarPerm modified mode [ 'deps/libexpat/lib/iasciitab.h', 420, 438 ]
623 silly gunzTarPerm extractEntry deps/libexpat/lib/internal.h
624 silly gunzTarPerm modified mode [ 'deps/libexpat/lib/internal.h', 420, 438 ]
625 silly gunzTarPerm extractEntry deps/libexpat/lib/latin1tab.h
626 silly gunzTarPerm modified mode [ 'deps/libexpat/lib/latin1tab.h', 420, 438 ]
627 silly gunzTarPerm extractEntry deps/libexpat/lib/amigaconfig.h
628 silly gunzTarPerm modified mode [ 'deps/libexpat/lib/amigaconfig.h', 420, 438 ]
629 silly gunzTarPerm extractEntry deps/libexpat/lib/libexpatw.def
630 silly gunzTarPerm modified mode [ 'deps/libexpat/lib/libexpatw.def', 420, 438 ]
631 silly gunzTarPerm extractEntry deps/libexpat/lib/macconfig.h
632 silly gunzTarPerm modified mode [ 'deps/libexpat/lib/macconfig.h', 420, 438 ]
633 silly gunzTarPerm extractEntry deps/libexpat/lib/nametab.h
634 silly gunzTarPerm modified mode [ 'deps/libexpat/lib/nametab.h', 420, 438 ]
635 silly gunzTarPerm extractEntry deps/libexpat/lib/utf8tab.h
636 silly gunzTarPerm modified mode [ 'deps/libexpat/lib/utf8tab.h', 420, 438 ]
637 silly gunzTarPerm extractEntry deps/libexpat/lib/winconfig.h
638 silly gunzTarPerm modified mode [ 'deps/libexpat/lib/winconfig.h', 420, 438 ]
639 silly gunzTarPerm extractEntry deps/libexpat/lib/xmlparse.c
640 silly gunzTarPerm modified mode [ 'deps/libexpat/lib/xmlparse.c', 420, 438 ]
641 silly gunzTarPerm extractEntry deps/libexpat/lib/xmlrole.c
642 silly gunzTarPerm modified mode [ 'deps/libexpat/lib/xmlrole.c', 420, 438 ]
643 silly gunzTarPerm extractEntry deps/libexpat/lib/xmlrole.h
644 silly gunzTarPerm modified mode [ 'deps/libexpat/lib/xmlrole.h', 420, 438 ]
645 silly gunzTarPerm extractEntry deps/libexpat/lib/xmltok.c
646 silly gunzTarPerm modified mode [ 'deps/libexpat/lib/xmltok.c', 420, 438 ]
647 silly gunzTarPerm extractEntry deps/libexpat/lib/xmltok.h
648 silly gunzTarPerm modified mode [ 'deps/libexpat/lib/xmltok.h', 420, 438 ]
649 silly gunzTarPerm extractEntry deps/libexpat/lib/xmltok_impl.c
650 silly gunzTarPerm modified mode [ 'deps/libexpat/lib/xmltok_impl.c', 420, 438 ]
651 silly gentlyRm D:\Project\node-bigstream\plugins\dt\dt-agritronics\node_modules\.staging\nan-adcf9722\node_modules is being purged
652 verbose gentlyRm don't care about contents; nuking D:\Project\node-bigstream\plugins\dt\dt-agritronics\node_modules\.staging\nan-adcf9722\node_modules
653 silly gunzTarPerm extractEntry deps/libexpat/lib/xmltok_impl.h
654 silly gunzTarPerm modified mode [ 'deps/libexpat/lib/xmltok_impl.h', 420, 438 ]
655 silly gunzTarPerm extractEntry deps/libexpat/lib/xmltok_ns.c
656 silly gunzTarPerm modified mode [ 'deps/libexpat/lib/xmltok_ns.c', 420, 438 ]
657 silly gunzTarPerm extractEntry deps/libexpat/libexpat.gyp
658 silly gunzTarPerm modified mode [ 'deps/libexpat/libexpat.gyp', 420, 438 ]
659 silly gunzTarPerm extractEntry deps/libexpat/m4/libtool.m4
660 silly gunzTarPerm modified mode [ 'deps/libexpat/m4/libtool.m4', 420, 438 ]
661 silly gunzTarPerm extractEntry deps/libexpat/m4/ltoptions.m4
662 silly gunzTarPerm modified mode [ 'deps/libexpat/m4/ltoptions.m4', 420, 438 ]
663 silly gunzTarPerm extractEntry deps/libexpat/m4/ltsugar.m4
664 silly gunzTarPerm modified mode [ 'deps/libexpat/m4/ltsugar.m4', 420, 438 ]
665 silly gunzTarPerm extractEntry deps/libexpat/m4/ltversion.m4
666 silly gunzTarPerm modified mode [ 'deps/libexpat/m4/ltversion.m4', 420, 438 ]
667 silly gunzTarPerm extractEntry deps/libexpat/m4/lt~obsolete.m4
668 silly gunzTarPerm modified mode [ 'deps/libexpat/m4/lt~obsolete.m4', 420, 438 ]
669 silly gunzTarPerm extractEntry deps/libexpat/tests/README.txt
670 silly gunzTarPerm modified mode [ 'deps/libexpat/tests/README.txt', 420, 438 ]
671 silly gunzTarPerm extractEntry deps/libexpat/tests/benchmark/README.txt
672 silly gunzTarPerm modified mode [ 'deps/libexpat/tests/benchmark/README.txt', 420, 438 ]
673 silly gunzTarPerm extractEntry deps/libexpat/tests/benchmark/benchmark.c
674 silly gunzTarPerm modified mode [ 'deps/libexpat/tests/benchmark/benchmark.c', 420, 438 ]
675 silly gunzTarPerm extractEntry deps/libexpat/tests/benchmark/benchmark.dsp
676 silly gunzTarPerm modified mode [ 'deps/libexpat/tests/benchmark/benchmark.dsp', 420, 438 ]
677 silly gunzTarPerm extractEntry deps/libexpat/tests/benchmark/benchmark.dsw
678 silly gunzTarPerm modified mode [ 'deps/libexpat/tests/benchmark/benchmark.dsw', 420, 438 ]
679 silly gunzTarPerm extractEntry deps/libexpat/tests/chardata.c
680 silly gunzTarPerm modified mode [ 'deps/libexpat/tests/chardata.c', 420, 438 ]
681 silly gunzTarPerm extractEntry deps/libexpat/tests/chardata.h
682 silly gunzTarPerm modified mode [ 'deps/libexpat/tests/chardata.h', 420, 438 ]
683 silly gunzTarPerm extractEntry deps/libexpat/tests/minicheck.c
684 silly gunzTarPerm modified mode [ 'deps/libexpat/tests/minicheck.c', 420, 438 ]
685 silly gunzTarPerm extractEntry deps/libexpat/tests/minicheck.h
686 silly gunzTarPerm modified mode [ 'deps/libexpat/tests/minicheck.h', 420, 438 ]
687 silly gunzTarPerm extractEntry deps/libexpat/tests/runtests.c
688 silly gunzTarPerm modified mode [ 'deps/libexpat/tests/runtests.c', 420, 438 ]
689 silly gunzTarPerm extractEntry deps/libexpat/tests/runtestspp.cpp
690 silly gunzTarPerm modified mode [ 'deps/libexpat/tests/runtestspp.cpp', 420, 438 ]
691 silly gunzTarPerm extractEntry deps/libexpat/tests/xmltest.sh
692 silly gunzTarPerm modified mode [ 'deps/libexpat/tests/xmltest.sh', 493, 511 ]
693 silly gunzTarPerm extractEntry deps/libexpat/version.c
694 silly gunzTarPerm modified mode [ 'deps/libexpat/version.c', 420, 438 ]
695 silly gunzTarPerm extractEntry deps/libexpat/vms/README.vms
696 silly gunzTarPerm modified mode [ 'deps/libexpat/vms/README.vms', 420, 438 ]
697 silly gunzTarPerm extractEntry deps/libexpat/vms/descrip.mms
698 silly gunzTarPerm modified mode [ 'deps/libexpat/vms/descrip.mms', 420, 438 ]
699 silly gunzTarPerm extractEntry deps/libexpat/vms/expat_config.h
700 silly gunzTarPerm modified mode [ 'deps/libexpat/vms/expat_config.h', 420, 438 ]
701 silly gunzTarPerm extractEntry deps/libexpat/win32/MANIFEST.txt
702 silly gunzTarPerm modified mode [ 'deps/libexpat/win32/MANIFEST.txt', 420, 438 ]
703 silly gunzTarPerm extractEntry deps/libexpat/win32/README.txt
704 silly gunzTarPerm modified mode [ 'deps/libexpat/win32/README.txt', 420, 438 ]
705 silly gunzTarPerm extractEntry deps/libexpat/win32/expat.iss
706 silly gunzTarPerm modified mode [ 'deps/libexpat/win32/expat.iss', 420, 438 ]
707 silly gunzTarPerm extractEntry deps/libexpat/xmlwf/xmlfile.h
708 silly gunzTarPerm modified mode [ 'deps/libexpat/xmlwf/xmlfile.h', 493, 511 ]
709 silly gunzTarPerm extractEntry deps/libexpat/xmlwf/codepage.c
710 silly gunzTarPerm modified mode [ 'deps/libexpat/xmlwf/codepage.c', 493, 511 ]
711 silly gunzTarPerm extractEntry deps/libexpat/xmlwf/ct.c
712 silly gunzTarPerm modified mode [ 'deps/libexpat/xmlwf/ct.c', 493, 511 ]
713 silly gunzTarPerm extractEntry deps/libexpat/xmlwf/filemap.h
714 silly gunzTarPerm modified mode [ 'deps/libexpat/xmlwf/filemap.h', 493, 511 ]
715 silly gunzTarPerm extractEntry deps/libexpat/xmlwf/readfilemap.c
716 silly gunzTarPerm modified mode [ 'deps/libexpat/xmlwf/readfilemap.c', 493, 511 ]
717 silly gunzTarPerm extractEntry deps/libexpat/xmlwf/unixfilemap.c
718 silly gunzTarPerm modified mode [ 'deps/libexpat/xmlwf/unixfilemap.c', 493, 511 ]
719 silly gunzTarPerm extractEntry deps/libexpat/xmlwf/win32filemap.c
720 silly gunzTarPerm modified mode [ 'deps/libexpat/xmlwf/win32filemap.c', 493, 511 ]
721 silly gunzTarPerm extractEntry deps/libexpat/xmlwf/xmlfile.c
722 silly gunzTarPerm modified mode [ 'deps/libexpat/xmlwf/xmlfile.c', 493, 511 ]
723 silly gunzTarPerm extractEntry deps/libexpat/xmlwf/codepage.h
724 silly gunzTarPerm modified mode [ 'deps/libexpat/xmlwf/codepage.h', 493, 511 ]
725 silly gunzTarPerm extractEntry deps/libexpat/xmlwf/xmlmime.c
726 silly gunzTarPerm modified mode [ 'deps/libexpat/xmlwf/xmlmime.c', 493, 511 ]
727 silly gunzTarPerm extractEntry deps/libexpat/xmlwf/xmlmime.h
728 silly gunzTarPerm modified mode [ 'deps/libexpat/xmlwf/xmlmime.h', 493, 511 ]
729 silly gunzTarPerm extractEntry deps/libexpat/xmlwf/xmltchar.h
730 silly gunzTarPerm modified mode [ 'deps/libexpat/xmlwf/xmltchar.h', 493, 511 ]
731 silly gunzTarPerm extractEntry deps/libexpat/xmlwf/xmlurl.h
732 silly gunzTarPerm modified mode [ 'deps/libexpat/xmlwf/xmlurl.h', 493, 511 ]
733 silly gunzTarPerm extractEntry deps/libexpat/xmlwf/xmlwf.c
734 silly gunzTarPerm modified mode [ 'deps/libexpat/xmlwf/xmlwf.c', 493, 511 ]
735 silly gunzTarPerm extractEntry deps/libexpat/xmlwf/xmlwf.dsp
736 silly gunzTarPerm modified mode [ 'deps/libexpat/xmlwf/xmlwf.dsp', 493, 511 ]
737 silly gunzTarPerm extractEntry deps/libexpat/xmlwf/xmlwin32url.cxx
738 silly gunzTarPerm modified mode [ 'deps/libexpat/xmlwf/xmlwin32url.cxx', 493, 511 ]
739 silly gunzTarPerm extractEntry lib/node-expat.js
740 silly gunzTarPerm modified mode [ 'lib/node-expat.js', 420, 438 ]
741 silly gunzTarPerm extractEntry node-expat.cc
742 silly gunzTarPerm modified mode [ 'node-expat.cc', 420, 438 ]
743 silly gentlyRm D:\Project\node-bigstream\plugins\dt\dt-agritronics\node_modules\.staging\node-expat-ea41946e\node_modules is being purged
744 verbose gentlyRm don't care about contents; nuking D:\Project\node-bigstream\plugins\dt\dt-agritronics\node_modules\.staging\node-expat-ea41946e\node_modules
745 silly doParallel preinstall 4
746 silly preinstall bindings@1.2.1 D:\Project\node-bigstream\plugins\dt\dt-agritronics\node_modules\.staging\bindings-3883fb36
747 info lifecycle bindings@1.2.1~preinstall: bindings@1.2.1
748 silly preinstall nan@2.5.1 D:\Project\node-bigstream\plugins\dt\dt-agritronics\node_modules\.staging\nan-adcf9722
749 info lifecycle nan@2.5.1~preinstall: nan@2.5.1
750 silly preinstall node-expat@2.3.15 D:\Project\node-bigstream\plugins\dt\dt-agritronics\node_modules\.staging\node-expat-ea41946e
751 info lifecycle node-expat@2.3.15~preinstall: node-expat@2.3.15
752 silly preinstall xml2json@0.10.0 D:\Project\node-bigstream\plugins\dt\dt-agritronics\node_modules\.staging\xml2json-14ed5a74
753 info lifecycle xml2json@0.10.0~preinstall: xml2json@0.10.0
754 silly lifecycle bindings@1.2.1~preinstall: no script for preinstall, continuing
755 silly lifecycle nan@2.5.1~preinstall: no script for preinstall, continuing
756 silly lifecycle node-expat@2.3.15~preinstall: no script for preinstall, continuing
757 silly lifecycle xml2json@0.10.0~preinstall: no script for preinstall, continuing
758 silly doReverseSerial remove 0
759 silly doSerial move 0
760 silly doSerial finalize 4
761 silly finalize D:\Project\node-bigstream\plugins\dt\dt-agritronics\node_modules\bindings
762 silly finalize D:\Project\node-bigstream\plugins\dt\dt-agritronics\node_modules\nan
763 silly finalize D:\Project\node-bigstream\plugins\dt\dt-agritronics\node_modules\node-expat
764 silly finalize D:\Project\node-bigstream\plugins\dt\dt-agritronics\node_modules\xml2json
765 silly doSerial build 4
766 silly build bindings@1.2.1
767 info linkStuff bindings@1.2.1
768 silly linkStuff bindings@1.2.1 has D:\Project\node-bigstream\plugins\dt\dt-agritronics\node_modules as its parent node_modules
769 verbose linkBins bindings@1.2.1
770 verbose linkMans bindings@1.2.1
771 silly build nan@2.5.1
772 info linkStuff nan@2.5.1
773 silly linkStuff nan@2.5.1 has D:\Project\node-bigstream\plugins\dt\dt-agritronics\node_modules as its parent node_modules
774 verbose linkBins nan@2.5.1
775 verbose linkMans nan@2.5.1
776 silly build node-expat@2.3.15
777 info linkStuff node-expat@2.3.15
778 silly linkStuff node-expat@2.3.15 has D:\Project\node-bigstream\plugins\dt\dt-agritronics\node_modules as its parent node_modules
779 verbose linkBins node-expat@2.3.15
780 verbose linkMans node-expat@2.3.15
781 silly build xml2json@0.10.0
782 info linkStuff xml2json@0.10.0
783 silly linkStuff xml2json@0.10.0 has D:\Project\node-bigstream\plugins\dt\dt-agritronics\node_modules as its parent node_modules
784 verbose linkBins xml2json@0.10.0
785 verbose link bins [ { xml2json: 'bin/xml2json' },
785 verbose link bins   'D:\\Project\\node-bigstream\\plugins\\dt\\dt-agritronics\\node_modules\\.bin',
785 verbose link bins   false ]
786 verbose linkMans xml2json@0.10.0
787 silly doSerial global-link 0
788 silly doParallel update-linked 0
789 silly doSerial install 4
790 silly install bindings@1.2.1 D:\Project\node-bigstream\plugins\dt\dt-agritronics\node_modules\.staging\bindings-3883fb36
791 info lifecycle bindings@1.2.1~install: bindings@1.2.1
792 silly lifecycle bindings@1.2.1~install: no script for install, continuing
793 silly install nan@2.5.1 D:\Project\node-bigstream\plugins\dt\dt-agritronics\node_modules\.staging\nan-adcf9722
794 info lifecycle nan@2.5.1~install: nan@2.5.1
795 silly lifecycle nan@2.5.1~install: no script for install, continuing
796 silly install node-expat@2.3.15 D:\Project\node-bigstream\plugins\dt\dt-agritronics\node_modules\.staging\node-expat-ea41946e
797 info lifecycle node-expat@2.3.15~install: node-expat@2.3.15
798 verbose lifecycle node-expat@2.3.15~install: unsafe-perm in lifecycle true
799 verbose lifecycle node-expat@2.3.15~install: PATH: C:\Program Files\nodejs\node_modules\npm\bin\node-gyp-bin;D:\Project\node-bigstream\plugins\dt\dt-agritronics\node_modules\node-expat\node_modules\.bin;D:\Project\node-bigstream\plugins\dt\dt-agritronics\node_modules\.bin;C:\Program Files\ImageMagick-6.9.1-Q16;C:\ProgramData\Oracle\Java\javapath;C:\Program Files (x86)\Intel\iCLS Client\;C:\Program Files\Intel\iCLS Client\;C:\WINDOWS\system32;C:\WINDOWS;C:\WINDOWS\System32\Wbem;C:\WINDOWS\System32\WindowsPowerShell\v1.0\;C:\Program Files\Intel\Intel(R) Management Engine Components\DAL;C:\Program Files (x86)\Intel\Intel(R) Management Engine Components\DAL;C:\Program Files\Intel\Intel(R) Management Engine Components\IPT;C:\Program Files (x86)\Intel\Intel(R) Management Engine Components\IPT;C:\Program Files (x86)\Windows Live\Shared;C:\Program Files (x86)\QuickTime\QTSystem\;C:\Program Files\TortoiseSVN\bin;C:\Program Files (x86)\MySQL\MySQL Utilities\;C:\Program Files (x86)\MySQL\MySQL Utilities\Doctrine extensions for PHP\;C:\Python27;C:\Program Files\Java\jdk1.7.0_67\bin;C:\Program Files\nodejs\;C:\Program Files (x86)\Windows Kits\10\Windows Performance Toolkit\;C:\Program Files\Git\cmd;C:\Program Files (x86)\SSH Communications Security\SSH Secure Shell;D:\App\apache-maven-3.3.3\bin;D:\App\curl;C:\Users\gcs\AppData\Local\atom\bin;C:\Users\gcs\AppData\Local\Microsoft\WindowsApps;C:\Users\gcs\AppData\Roaming\npm
800 verbose lifecycle node-expat@2.3.15~install: CWD: D:\Project\node-bigstream\plugins\dt\dt-agritronics\node_modules\node-expat
801 silly lifecycle node-expat@2.3.15~install: Args: [ '/d /s /c', 'node-gyp rebuild' ]
802 silly lifecycle node-expat@2.3.15~install: Returned: code: 1  signal: null
803 info lifecycle node-expat@2.3.15~install: Failed to exec install script
804 verbose unlock done using C:\Users\gcs\AppData\Roaming\npm-cache\_locks\staging-ed7da0ed9263a751.lock for D:\Project\node-bigstream\plugins\dt\dt-agritronics\node_modules\.staging
805 silly rollbackFailedOptional Starting
806 silly rollbackFailedOptional Finishing
807 silly runTopLevelLifecycles Finishing
808 silly install printInstalled
809 warn dt-agritronics-ibitz@0.0.1 No description
810 verbose If you need help, you may report this error at:
810 verbose     <https://github.com/npm/npm/issues>
811 warn dt-agritronics-ibitz@0.0.1 No repository field.
812 verbose If you need help, you may report this error at:
812 verbose     <https://github.com/npm/npm/issues>
813 verbose stack Error: node-expat@2.3.15 install: `node-gyp rebuild`
813 verbose stack Exit status 1
813 verbose stack     at EventEmitter.<anonymous> (C:\Program Files\nodejs\node_modules\npm\lib\utils\lifecycle.js:255:16)
813 verbose stack     at emitTwo (events.js:106:13)
813 verbose stack     at EventEmitter.emit (events.js:191:7)
813 verbose stack     at ChildProcess.<anonymous> (C:\Program Files\nodejs\node_modules\npm\lib\utils\spawn.js:40:14)
813 verbose stack     at emitTwo (events.js:106:13)
813 verbose stack     at ChildProcess.emit (events.js:191:7)
813 verbose stack     at maybeClose (internal/child_process.js:877:16)
813 verbose stack     at Process.ChildProcess._handle.onexit (internal/child_process.js:226:5)
814 verbose pkgid node-expat@2.3.15
815 verbose cwd D:\Project\node-bigstream\plugins\dt\dt-agritronics
816 error Windows_NT 10.0.14393
817 error argv "C:\\Program Files\\nodejs\\node.exe" "C:\\Program Files\\nodejs\\node_modules\\npm\\bin\\npm-cli.js" "install"
818 error node v6.9.5
819 error npm  v3.10.10
820 error code ELIFECYCLE
821 error node-expat@2.3.15 install: `node-gyp rebuild`
821 error Exit status 1
822 error Failed at the node-expat@2.3.15 install script 'node-gyp rebuild'.
822 error Make sure you have the latest version of node.js and npm installed.
822 error If you do, this is most likely a problem with the node-expat package,
822 error not with npm itself.
822 error Tell the author that this fails on your system:
822 error     node-gyp rebuild
822 error You can get information on how to open an issue for this project with:
822 error     npm bugs node-expat
822 error Or if that isn't available, you can get their info via:
822 error     npm owner ls node-expat
822 error There is likely additional logging output above.
823 verbose exit [ 1, true ]
